[debug] [2018-09-23T15:01:34.049Z] ----------------------------------------------------------------------
[debug] [2018-09-23T15:01:34.051Z] Command:       /usr/local/bin/node /usr/local/bin/firebase deploy
[debug] [2018-09-23T15:01:34.051Z] CLI Version:   4.2.1
[debug] [2018-09-23T15:01:34.051Z] Platform:      darwin
[debug] [2018-09-23T15:01:34.051Z] Node Version:  v9.9.0
[debug] [2018-09-23T15:01:34.052Z] Time:          Sun Sep 23 2018 17:01:34 GMT+0200 (CEST)
[debug] [2018-09-23T15:01:34.052Z] ----------------------------------------------------------------------
[debug] 
[debug] [2018-09-23T15:01:34.064Z] > command requires scopes: ["email","openid","https://www.googleapis.com/auth/cloudplatformprojects.readonly","https://www.googleapis.com/auth/firebase","https://www.googleapis.com/auth/cloud-platform"]
[debug] [2018-09-23T15:01:34.064Z] > authorizing via signed-in user
[debug] [2018-09-23T15:01:34.066Z] > refreshing access token with scopes: ["email","https://www.googleapis.com/auth/cloud-platform","https://www.googleapis.com/auth/cloudplatformprojects.readonly","https://www.googleapis.com/auth/firebase","openid"]
[debug] [2018-09-23T15:01:34.066Z] >>> HTTP REQUEST POST https://www.googleapis.com/oauth2/v3/token  

[debug] [2018-09-23T15:01:34.330Z] <<< HTTP RESPONSE 200
[debug] [2018-09-23T15:01:34.341Z] >>> HTTP REQUEST GET https://admin.firebase.com/v1/projects/web-vue-f0b33  
 
[debug] [2018-09-23T15:01:35.236Z] <<< HTTP RESPONSE 200
[info] 
[info] === Deploying to 'web-vue-f0b33'...
[info] 
[info] i  deploying hosting
[debug] [2018-09-23T15:01:35.240Z] >>> HTTP REQUEST POST https://firebasehosting.googleapis.com/v1beta1/sites/web-vue-f0b33/versions  

[debug] [2018-09-23T15:01:36.691Z] <<< HTTP RESPONSE 200
[info] i  hosting[web-vue-f0b33]: beginning deploy...
[info] i  hosting[web-vue-f0b33]: found 21 files in dist
[debug] [2018-09-23T15:01:36.702Z] [hosting] hash cache [ZGlzdA] not populated
[debug] [2018-09-23T15:01:36.833Z] [hosting] hash cache [ZGlzdA] stored for 21 files
[debug] [2018-09-23T15:01:36.833Z] [hosting][hash queue][FINAL]
[debug] [2018-09-23T15:01:36.834Z] >>> HTTP REQUEST POST https://firebasehosting.googleapis.com/v1beta1/sites/web-vue-f0b33/versions/abde0b9319c18956:populateFiles  
 <request body omitted>
[debug] [2018-09-23T15:01:38.229Z] <<< HTTP RESPONSE 200
[debug] [2018-09-23T15:01:38.241Z] [hosting][populate queue][FINAL]
[debug] [2018-09-23T15:01:38.241Z] [hosting] uploads queued: 19
[debug] [2018-09-23T15:01:38.699Z] [uploadQueue] Retrying task fa0fcf02061468d4c5ee3fed4e20061dbb4f78fc28f09371461b02789dae65fc
[debug] [2018-09-23T15:01:38.699Z] [uploadQueue] Retrying task d1daa05fd1e9751c294e9a261757a21cd5bad0736414abd406a8b9d973d0d869
[debug] [2018-09-23T15:01:38.699Z] [uploadQueue] Retrying task 97253a2cc10f05ed4f75099b02be2d59f9d3213908e570c4efa1661a19ec8a53
[debug] [2018-09-23T15:01:38.700Z] [uploadQueue] Retrying task e9d1f5f5fdd0c1455ba44a3943b159044d56283bc9af9142cf44a650b98ff247
[debug] [2018-09-23T15:01:38.700Z] [uploadQueue] Retrying task 7d00d90b60b9fba9205f9865a10aa3ec0bde3b1064520d7a72e190b807c0fc9e
[debug] [2018-09-23T15:01:38.700Z] [uploadQueue] Retrying task 9fc14e7deb0e581739477404f7c30949124e59325875dce4a280890938d48baf
[debug] [2018-09-23T15:01:38.700Z] [uploadQueue] Retrying task b600293b768ce3355db2185c5241bbaf3268d9fa67ed71c67f4a1831504f094e
[debug] [2018-09-23T15:01:38.700Z] [uploadQueue] Retrying task 13ca2a5632b3486736aa89d0137a4ea06ccf7df9a4db5b450a6f4e4bcc6a59a3
[debug] [2018-09-23T15:01:38.700Z] [uploadQueue] Retrying task 35a7e69936c1c371866ceea194bc0da44ec24605a6e6867c7dc7ab9003d607c2
[debug] [2018-09-23T15:01:38.700Z] [uploadQueue] Retrying task 39b4627b2388df4d46b19e6c6f71fd4240d9a2feb1506e9707bc7281428be7fe
[debug] [2018-09-23T15:01:38.700Z] [uploadQueue] Retrying task 7d075055d5469111faa2c55d0e0fe0179e1d0cdb9d84906c91fcba67b08eb761
[debug] [2018-09-23T15:01:38.700Z] [uploadQueue] Retrying task 675c92d5d7913608e3e6bf94f5d9999dd0e11b411ea7a688391a8efcc9662fb1
[debug] [2018-09-23T15:01:38.700Z] [uploadQueue] Retrying task 97854b5f284373a5d4e48e401c574c56e0ec56c6cacdc9f43bac67d5791de9ee
[debug] [2018-09-23T15:01:38.700Z] [uploadQueue] Retrying task 93847838f5819945d7cb74dab257903333d610309c7a03790bc9f6a64c81e0bd
[debug] [2018-09-23T15:01:38.707Z] [uploadQueue] Retrying task 00a8c3b216735a0ed9a24395c5e92b4e0b7b849251987ae9082fcc756c5914e7
[debug] [2018-09-23T15:01:38.707Z] [uploadQueue] Retrying task 4a7556dcec6d61f742fcddc19cff309a663e9e39a68966a1e473579638a99afe
[debug] [2018-09-23T15:01:38.708Z] [uploadQueue] Retrying task 25a24408d3b00ecb1ee8c98707125d00e71d96700ee6d3e369a978c6fe0ef48e
[debug] [2018-09-23T15:01:38.708Z] [uploadQueue] Retrying task 725f2991f65fc98e9358dcf345030eac12c2d66ef1c5cc7d2ac1e74830d9d76c
[debug] [2018-09-23T15:01:38.710Z] [uploadQueue] Retrying task 352447631bad2424d0a5b9d442ad438af8de34a52d87bbc28ee9a880e5c6368e
[debug] [2018-09-23T15:01:39.562Z] [uploadQueue] Retrying task 13ca2a5632b3486736aa89d0137a4ea06ccf7df9a4db5b450a6f4e4bcc6a59a3
[debug] [2018-09-23T15:01:39.563Z] [uploadQueue] Retrying task e9d1f5f5fdd0c1455ba44a3943b159044d56283bc9af9142cf44a650b98ff247
[debug] [2018-09-23T15:01:39.564Z] [uploadQueue] Retrying task 9fc14e7deb0e581739477404f7c30949124e59325875dce4a280890938d48baf
[debug] [2018-09-23T15:01:39.564Z] [uploadQueue] Retrying task fa0fcf02061468d4c5ee3fed4e20061dbb4f78fc28f09371461b02789dae65fc
[debug] [2018-09-23T15:01:39.564Z] [uploadQueue] Retrying task 97253a2cc10f05ed4f75099b02be2d59f9d3213908e570c4efa1661a19ec8a53
[debug] [2018-09-23T15:01:39.564Z] [uploadQueue] Retrying task 39b4627b2388df4d46b19e6c6f71fd4240d9a2feb1506e9707bc7281428be7fe
[debug] [2018-09-23T15:01:39.564Z] [uploadQueue] Retrying task b600293b768ce3355db2185c5241bbaf3268d9fa67ed71c67f4a1831504f094e
[debug] [2018-09-23T15:01:39.568Z] [uploadQueue] Retrying task 675c92d5d7913608e3e6bf94f5d9999dd0e11b411ea7a688391a8efcc9662fb1
[debug] [2018-09-23T15:01:39.568Z] [uploadQueue] Retrying task 97854b5f284373a5d4e48e401c574c56e0ec56c6cacdc9f43bac67d5791de9ee
[debug] [2018-09-23T15:01:39.568Z] [uploadQueue] Retrying task d1daa05fd1e9751c294e9a261757a21cd5bad0736414abd406a8b9d973d0d869
[debug] [2018-09-23T15:01:39.568Z] [uploadQueue] Retrying task 93847838f5819945d7cb74dab257903333d610309c7a03790bc9f6a64c81e0bd
[debug] [2018-09-23T15:01:39.568Z] [uploadQueue] Retrying task 7d00d90b60b9fba9205f9865a10aa3ec0bde3b1064520d7a72e190b807c0fc9e
[debug] [2018-09-23T15:01:39.571Z] [uploadQueue] Retrying task 35a7e69936c1c371866ceea194bc0da44ec24605a6e6867c7dc7ab9003d607c2
[debug] [2018-09-23T15:01:39.571Z] [uploadQueue] Retrying task 7d075055d5469111faa2c55d0e0fe0179e1d0cdb9d84906c91fcba67b08eb761
[debug] [2018-09-23T15:01:39.572Z] [uploadQueue] Retrying task 00a8c3b216735a0ed9a24395c5e92b4e0b7b849251987ae9082fcc756c5914e7
[debug] [2018-09-23T15:01:39.577Z] [uploadQueue] Retrying task 4a7556dcec6d61f742fcddc19cff309a663e9e39a68966a1e473579638a99afe
[debug] [2018-09-23T15:01:39.578Z] [uploadQueue] Retrying task 25a24408d3b00ecb1ee8c98707125d00e71d96700ee6d3e369a978c6fe0ef48e
[debug] [2018-09-23T15:01:39.578Z] [uploadQueue] Retrying task 725f2991f65fc98e9358dcf345030eac12c2d66ef1c5cc7d2ac1e74830d9d76c
[debug] [2018-09-23T15:01:39.583Z] [uploadQueue] Retrying task 352447631bad2424d0a5b9d442ad438af8de34a52d87bbc28ee9a880e5c6368e
[debug] [2018-09-23T15:01:41.212Z] [uploadQueue] Retrying task 13ca2a5632b3486736aa89d0137a4ea06ccf7df9a4db5b450a6f4e4bcc6a59a3
[debug] [2018-09-23T15:01:41.214Z] [uploadQueue] Retrying task e9d1f5f5fdd0c1455ba44a3943b159044d56283bc9af9142cf44a650b98ff247
[debug] [2018-09-23T15:01:41.215Z] [uploadQueue] Retrying task 9fc14e7deb0e581739477404f7c30949124e59325875dce4a280890938d48baf
[debug] [2018-09-23T15:01:41.215Z] [uploadQueue] Retrying task fa0fcf02061468d4c5ee3fed4e20061dbb4f78fc28f09371461b02789dae65fc
[debug] [2018-09-23T15:01:41.215Z] [uploadQueue] Retrying task 39b4627b2388df4d46b19e6c6f71fd4240d9a2feb1506e9707bc7281428be7fe
[debug] [2018-09-23T15:01:41.221Z] [uploadQueue] Retrying task 97253a2cc10f05ed4f75099b02be2d59f9d3213908e570c4efa1661a19ec8a53
[debug] [2018-09-23T15:01:41.221Z] [uploadQueue] Retrying task b600293b768ce3355db2185c5241bbaf3268d9fa67ed71c67f4a1831504f094e
[debug] [2018-09-23T15:01:41.221Z] [uploadQueue] Retrying task 675c92d5d7913608e3e6bf94f5d9999dd0e11b411ea7a688391a8efcc9662fb1
[debug] [2018-09-23T15:01:41.221Z] [uploadQueue] Retrying task 93847838f5819945d7cb74dab257903333d610309c7a03790bc9f6a64c81e0bd
[debug] [2018-09-23T15:01:41.224Z] [uploadQueue] Retrying task 97854b5f284373a5d4e48e401c574c56e0ec56c6cacdc9f43bac67d5791de9ee
[debug] [2018-09-23T15:01:41.225Z] [uploadQueue] Retrying task 7d00d90b60b9fba9205f9865a10aa3ec0bde3b1064520d7a72e190b807c0fc9e
[debug] [2018-09-23T15:01:41.246Z] [uploadQueue] Retrying task 35a7e69936c1c371866ceea194bc0da44ec24605a6e6867c7dc7ab9003d607c2
[debug] [2018-09-23T15:01:41.246Z] [uploadQueue] Retrying task d1daa05fd1e9751c294e9a261757a21cd5bad0736414abd406a8b9d973d0d869
[debug] [2018-09-23T15:01:41.246Z] [uploadQueue] Retrying task 00a8c3b216735a0ed9a24395c5e92b4e0b7b849251987ae9082fcc756c5914e7
[debug] [2018-09-23T15:01:41.247Z] [uploadQueue] Retrying task 7d075055d5469111faa2c55d0e0fe0179e1d0cdb9d84906c91fcba67b08eb761
[debug] [2018-09-23T15:01:41.247Z] [uploadQueue] Retrying task 4a7556dcec6d61f742fcddc19cff309a663e9e39a68966a1e473579638a99afe
[debug] [2018-09-23T15:01:41.247Z] [uploadQueue] Retrying task 725f2991f65fc98e9358dcf345030eac12c2d66ef1c5cc7d2ac1e74830d9d76c
[debug] [2018-09-23T15:01:41.247Z] [uploadQueue] Retrying task 25a24408d3b00ecb1ee8c98707125d00e71d96700ee6d3e369a978c6fe0ef48e
[debug] [2018-09-23T15:01:41.247Z] [uploadQueue] Retrying task 352447631bad2424d0a5b9d442ad438af8de34a52d87bbc28ee9a880e5c6368e
[debug] [2018-09-23T15:01:44.453Z] [uploadQueue] Retrying task 13ca2a5632b3486736aa89d0137a4ea06ccf7df9a4db5b450a6f4e4bcc6a59a3
[debug] [2018-09-23T15:01:44.453Z] [uploadQueue] Retrying task e9d1f5f5fdd0c1455ba44a3943b159044d56283bc9af9142cf44a650b98ff247
[debug] [2018-09-23T15:01:44.456Z] [uploadQueue] Retrying task 39b4627b2388df4d46b19e6c6f71fd4240d9a2feb1506e9707bc7281428be7fe
[debug] [2018-09-23T15:01:44.456Z] [uploadQueue] Retrying task 9fc14e7deb0e581739477404f7c30949124e59325875dce4a280890938d48baf
[debug] [2018-09-23T15:01:44.456Z] [uploadQueue] Retrying task fa0fcf02061468d4c5ee3fed4e20061dbb4f78fc28f09371461b02789dae65fc
[debug] [2018-09-23T15:01:44.471Z] [uploadQueue] Retrying task 93847838f5819945d7cb74dab257903333d610309c7a03790bc9f6a64c81e0bd
[debug] [2018-09-23T15:01:44.488Z] [uploadQueue] Retrying task b600293b768ce3355db2185c5241bbaf3268d9fa67ed71c67f4a1831504f094e
[debug] [2018-09-23T15:01:44.488Z] [uploadQueue] Retrying task 675c92d5d7913608e3e6bf94f5d9999dd0e11b411ea7a688391a8efcc9662fb1
[debug] [2018-09-23T15:01:44.488Z] [uploadQueue] Retrying task 97854b5f284373a5d4e48e401c574c56e0ec56c6cacdc9f43bac67d5791de9ee
[debug] [2018-09-23T15:01:44.488Z] [uploadQueue] Retrying task 7d00d90b60b9fba9205f9865a10aa3ec0bde3b1064520d7a72e190b807c0fc9e
[debug] [2018-09-23T15:01:44.488Z] [uploadQueue] Retrying task 97253a2cc10f05ed4f75099b02be2d59f9d3213908e570c4efa1661a19ec8a53
[debug] [2018-09-23T15:01:44.491Z] [uploadQueue] Retrying task 35a7e69936c1c371866ceea194bc0da44ec24605a6e6867c7dc7ab9003d607c2
[debug] [2018-09-23T15:01:44.491Z] [uploadQueue] Retrying task 00a8c3b216735a0ed9a24395c5e92b4e0b7b849251987ae9082fcc756c5914e7
[debug] [2018-09-23T15:01:44.491Z] [uploadQueue] Retrying task 4a7556dcec6d61f742fcddc19cff309a663e9e39a68966a1e473579638a99afe
[debug] [2018-09-23T15:01:44.492Z] [uploadQueue] Retrying task 7d075055d5469111faa2c55d0e0fe0179e1d0cdb9d84906c91fcba67b08eb761
[debug] [2018-09-23T15:01:44.493Z] [uploadQueue] Retrying task 725f2991f65fc98e9358dcf345030eac12c2d66ef1c5cc7d2ac1e74830d9d76c
[debug] [2018-09-23T15:01:44.497Z] [uploadQueue] Retrying task d1daa05fd1e9751c294e9a261757a21cd5bad0736414abd406a8b9d973d0d869
[debug] [2018-09-23T15:01:44.501Z] [uploadQueue] Retrying task 25a24408d3b00ecb1ee8c98707125d00e71d96700ee6d3e369a978c6fe0ef48e
[debug] [2018-09-23T15:01:44.501Z] [uploadQueue] Retrying task 352447631bad2424d0a5b9d442ad438af8de34a52d87bbc28ee9a880e5c6368e
[debug] [2018-09-23T15:01:50.895Z] [uploadQueue] Retrying task e9d1f5f5fdd0c1455ba44a3943b159044d56283bc9af9142cf44a650b98ff247
[debug] [2018-09-23T15:01:50.895Z] [uploadQueue] Retrying task 13ca2a5632b3486736aa89d0137a4ea06ccf7df9a4db5b450a6f4e4bcc6a59a3
[debug] [2018-09-23T15:01:50.896Z] [uploadQueue] Retrying task 39b4627b2388df4d46b19e6c6f71fd4240d9a2feb1506e9707bc7281428be7fe
[debug] [2018-09-23T15:01:50.896Z] [uploadQueue] Retrying task 9fc14e7deb0e581739477404f7c30949124e59325875dce4a280890938d48baf
[debug] [2018-09-23T15:01:50.899Z] [uploadQueue] Retrying task fa0fcf02061468d4c5ee3fed4e20061dbb4f78fc28f09371461b02789dae65fc
[debug] [2018-09-23T15:01:50.899Z] [uploadQueue] Retrying task 93847838f5819945d7cb74dab257903333d610309c7a03790bc9f6a64c81e0bd
[debug] [2018-09-23T15:01:50.928Z] [uploadQueue] Retrying task 675c92d5d7913608e3e6bf94f5d9999dd0e11b411ea7a688391a8efcc9662fb1
[debug] [2018-09-23T15:01:50.928Z] [uploadQueue] Retrying task 97854b5f284373a5d4e48e401c574c56e0ec56c6cacdc9f43bac67d5791de9ee
[debug] [2018-09-23T15:01:50.930Z] [uploadQueue] Retries exhausted for task e9d1f5f5fdd0c1455ba44a3943b159044d56283bc9af9142cf44a650b98ff247 :
[debug] [2018-09-23T15:01:50.931Z] [hosting][upload queue][FINAL]
[debug] [2018-09-23T15:01:50.939Z] [uploadQueue] Retries exhausted for task 13ca2a5632b3486736aa89d0137a4ea06ccf7df9a4db5b450a6f4e4bcc6a59a3 :
[debug] [2018-09-23T15:01:50.942Z] [uploadQueue] Retrying task 7d00d90b60b9fba9205f9865a10aa3ec0bde3b1064520d7a72e190b807c0fc9e
[debug] [2018-09-23T15:01:50.942Z] [uploadQueue] Retrying task b600293b768ce3355db2185c5241bbaf3268d9fa67ed71c67f4a1831504f094e
[debug] [2018-09-23T15:01:50.942Z] [uploadQueue] Retrying task 97253a2cc10f05ed4f75099b02be2d59f9d3213908e570c4efa1661a19ec8a53
[debug] [2018-09-23T15:01:50.942Z] [uploadQueue] Retrying task 4a7556dcec6d61f742fcddc19cff309a663e9e39a68966a1e473579638a99afe
[debug] [2018-09-23T15:01:50.942Z] [uploadQueue] Retrying task 00a8c3b216735a0ed9a24395c5e92b4e0b7b849251987ae9082fcc756c5914e7
[debug] [2018-09-23T15:01:50.943Z] [uploadQueue] Retrying task 35a7e69936c1c371866ceea194bc0da44ec24605a6e6867c7dc7ab9003d607c2
[debug] [2018-09-23T15:01:50.943Z] [uploadQueue] Retrying task 7d075055d5469111faa2c55d0e0fe0179e1d0cdb9d84906c91fcba67b08eb761
[debug] [2018-09-23T15:01:50.943Z] [uploadQueue] Retrying task 725f2991f65fc98e9358dcf345030eac12c2d66ef1c5cc7d2ac1e74830d9d76c
[debug] [2018-09-23T15:01:50.943Z] [uploadQueue] Retrying task 25a24408d3b00ecb1ee8c98707125d00e71d96700ee6d3e369a978c6fe0ef48e
[debug] [2018-09-23T15:01:50.943Z] [uploadQueue] Retrying task d1daa05fd1e9751c294e9a261757a21cd5bad0736414abd406a8b9d973d0d869
[debug] [2018-09-23T15:01:50.947Z] [uploadQueue] Retries exhausted for task 39b4627b2388df4d46b19e6c6f71fd4240d9a2feb1506e9707bc7281428be7fe :
[debug] [2018-09-23T15:01:50.947Z] [uploadQueue] Retries exhausted for task 9fc14e7deb0e581739477404f7c30949124e59325875dce4a280890938d48baf :
[debug] [2018-09-23T15:01:50.947Z] [uploadQueue] Retries exhausted for task 93847838f5819945d7cb74dab257903333d610309c7a03790bc9f6a64c81e0bd :
[debug] [2018-09-23T15:01:50.947Z] [uploadQueue] Retries exhausted for task fa0fcf02061468d4c5ee3fed4e20061dbb4f78fc28f09371461b02789dae65fc :
[debug] [2018-09-23T15:01:50.948Z] [uploadQueue] Retrying task 352447631bad2424d0a5b9d442ad438af8de34a52d87bbc28ee9a880e5c6368e
[debug] [2018-09-23T15:01:50.980Z] [uploadQueue] Retries exhausted for task 675c92d5d7913608e3e6bf94f5d9999dd0e11b411ea7a688391a8efcc9662fb1 :
[debug] [2018-09-23T15:01:50.981Z] [uploadQueue] Retries exhausted for task 97854b5f284373a5d4e48e401c574c56e0ec56c6cacdc9f43bac67d5791de9ee :
[debug] [2018-09-23T15:01:50.981Z] [uploadQueue] Retries exhausted for task 7d00d90b60b9fba9205f9865a10aa3ec0bde3b1064520d7a72e190b807c0fc9e :
[debug] [2018-09-23T15:01:50.981Z] [uploadQueue] Retries exhausted for task b600293b768ce3355db2185c5241bbaf3268d9fa67ed71c67f4a1831504f094e :
[debug] [2018-09-23T15:01:50.982Z] [uploadQueue] Retries exhausted for task 4a7556dcec6d61f742fcddc19cff309a663e9e39a68966a1e473579638a99afe :
[debug] [2018-09-23T15:01:50.984Z] [uploadQueue] Retries exhausted for task 00a8c3b216735a0ed9a24395c5e92b4e0b7b849251987ae9082fcc756c5914e7 :
[debug] [2018-09-23T15:01:50.984Z] [uploadQueue] Retries exhausted for task 97253a2cc10f05ed4f75099b02be2d59f9d3213908e570c4efa1661a19ec8a53 :
[debug] [2018-09-23T15:01:50.985Z] [uploadQueue] Retries exhausted for task 35a7e69936c1c371866ceea194bc0da44ec24605a6e6867c7dc7ab9003d607c2 :
[debug] [2018-09-23T15:01:50.989Z] [uploadQueue] Retries exhausted for task 7d075055d5469111faa2c55d0e0fe0179e1d0cdb9d84906c91fcba67b08eb761 :
[debug] [2018-09-23T15:01:50.989Z] [uploadQueue] Retries exhausted for task 725f2991f65fc98e9358dcf345030eac12c2d66ef1c5cc7d2ac1e74830d9d76c :
[debug] [2018-09-23T15:01:50.989Z] [uploadQueue] Retries exhausted for task 25a24408d3b00ecb1ee8c98707125d00e71d96700ee6d3e369a978c6fe0ef48e :
[debug] [2018-09-23T15:01:50.993Z] [uploadQueue] Retries exhausted for task d1daa05fd1e9751c294e9a261757a21cd5bad0736414abd406a8b9d973d0d869 :
[debug] [2018-09-23T15:01:51.005Z] [uploadQueue] Retries exhausted for task 352447631bad2424d0a5b9d442ad438af8de34a52d87bbc28ee9a880e5c6368e :
[debug] [2018-09-23T15:01:51.019Z] Error: connect ECONNREFUSED 216.58.214.42:443
    at TCPConnectWrap.afterConnect [as oncomplete] (net.js:1173:14)
[error] 
[error] Error: An unexpected error has occurred.
[debug] [2018-09-23T15:02:02.077Z] ----------------------------------------------------------------------
[debug] [2018-09-23T15:02:02.079Z] Command:       /usr/local/bin/node /usr/local/bin/firebase deploy
[debug] [2018-09-23T15:02:02.079Z] CLI Version:   4.2.1
[debug] [2018-09-23T15:02:02.079Z] Platform:      darwin
[debug] [2018-09-23T15:02:02.079Z] Node Version:  v9.9.0
[debug] [2018-09-23T15:02:02.083Z] Time:          Sun Sep 23 2018 17:02:02 GMT+0200 (CEST)
[debug] [2018-09-23T15:02:02.084Z] ----------------------------------------------------------------------
[debug] 
[debug] [2018-09-23T15:02:02.091Z] > command requires scopes: ["email","openid","https://www.googleapis.com/auth/cloudplatformprojects.readonly","https://www.googleapis.com/auth/firebase","https://www.googleapis.com/auth/cloud-platform"]
[debug] [2018-09-23T15:02:02.091Z] > authorizing via signed-in user
[debug] [2018-09-23T15:02:02.093Z] >>> HTTP REQUEST GET https://admin.firebase.com/v1/projects/web-vue-f0b33  
 
[debug] [2018-09-23T15:02:03.071Z] <<< HTTP RESPONSE 200
[info] 
[info] === Deploying to 'web-vue-f0b33'...
[info] 
[info] i  deploying hosting
[debug] [2018-09-23T15:02:03.075Z] >>> HTTP REQUEST POST https://firebasehosting.googleapis.com/v1beta1/sites/web-vue-f0b33/versions  

[debug] [2018-09-23T15:02:04.659Z] <<< HTTP RESPONSE 200
[info] i  hosting[web-vue-f0b33]: beginning deploy...
[info] i  hosting[web-vue-f0b33]: found 21 files in dist
[debug] [2018-09-23T15:02:04.672Z] [hosting] hash cache [ZGlzdA] stored for 21 files
[debug] [2018-09-23T15:02:04.672Z] [hosting][hash queue][FINAL]
[debug] [2018-09-23T15:02:04.673Z] >>> HTTP REQUEST POST https://firebasehosting.googleapis.com/v1beta1/sites/web-vue-f0b33/versions/840e3193102ae3db:populateFiles  
 <request body omitted>
[debug] [2018-09-23T15:02:06.023Z] <<< HTTP RESPONSE 200
[debug] [2018-09-23T15:02:06.036Z] [hosting][populate queue][FINAL]
[debug] [2018-09-23T15:02:06.036Z] [hosting] uploads queued: 19
[debug] [2018-09-23T15:02:06.493Z] [uploadQueue] Retrying task 675c92d5d7913608e3e6bf94f5d9999dd0e11b411ea7a688391a8efcc9662fb1
[debug] [2018-09-23T15:02:06.493Z] [uploadQueue] Retrying task 13ca2a5632b3486736aa89d0137a4ea06ccf7df9a4db5b450a6f4e4bcc6a59a3
[debug] [2018-09-23T15:02:06.494Z] [uploadQueue] Retrying task 00a8c3b216735a0ed9a24395c5e92b4e0b7b849251987ae9082fcc756c5914e7
[debug] [2018-09-23T15:02:06.494Z] [uploadQueue] Retrying task 9fc14e7deb0e581739477404f7c30949124e59325875dce4a280890938d48baf
[debug] [2018-09-23T15:02:06.496Z] [uploadQueue] Retrying task 39b4627b2388df4d46b19e6c6f71fd4240d9a2feb1506e9707bc7281428be7fe
[debug] [2018-09-23T15:02:06.496Z] [uploadQueue] Retrying task 725f2991f65fc98e9358dcf345030eac12c2d66ef1c5cc7d2ac1e74830d9d76c
[debug] [2018-09-23T15:02:06.496Z] [uploadQueue] Retrying task 35a7e69936c1c371866ceea194bc0da44ec24605a6e6867c7dc7ab9003d607c2
[debug] [2018-09-23T15:02:06.502Z] [uploadQueue] Retrying task 97253a2cc10f05ed4f75099b02be2d59f9d3213908e570c4efa1661a19ec8a53
[debug] [2018-09-23T15:02:06.502Z] [uploadQueue] Retrying task d1daa05fd1e9751c294e9a261757a21cd5bad0736414abd406a8b9d973d0d869
[debug] [2018-09-23T15:02:06.502Z] [uploadQueue] Retrying task fa0fcf02061468d4c5ee3fed4e20061dbb4f78fc28f09371461b02789dae65fc
[debug] [2018-09-23T15:02:06.502Z] [uploadQueue] Retrying task 97854b5f284373a5d4e48e401c574c56e0ec56c6cacdc9f43bac67d5791de9ee
[debug] [2018-09-23T15:02:06.513Z] [uploadQueue] Retrying task e9d1f5f5fdd0c1455ba44a3943b159044d56283bc9af9142cf44a650b98ff247
[debug] [2018-09-23T15:02:06.513Z] [uploadQueue] Retrying task 7d075055d5469111faa2c55d0e0fe0179e1d0cdb9d84906c91fcba67b08eb761
[debug] [2018-09-23T15:02:06.516Z] [uploadQueue] Retrying task 4a7556dcec6d61f742fcddc19cff309a663e9e39a68966a1e473579638a99afe
[debug] [2018-09-23T15:02:06.516Z] [uploadQueue] Retrying task 7d00d90b60b9fba9205f9865a10aa3ec0bde3b1064520d7a72e190b807c0fc9e
[debug] [2018-09-23T15:02:06.516Z] [uploadQueue] Retrying task 25a24408d3b00ecb1ee8c98707125d00e71d96700ee6d3e369a978c6fe0ef48e
[debug] [2018-09-23T15:02:06.518Z] [uploadQueue] Retrying task b600293b768ce3355db2185c5241bbaf3268d9fa67ed71c67f4a1831504f094e
[debug] [2018-09-23T15:02:06.518Z] [uploadQueue] Retrying task 352447631bad2424d0a5b9d442ad438af8de34a52d87bbc28ee9a880e5c6368e
[debug] [2018-09-23T15:02:07.341Z] [uploadQueue] Retrying task 13ca2a5632b3486736aa89d0137a4ea06ccf7df9a4db5b450a6f4e4bcc6a59a3
[debug] [2018-09-23T15:02:07.341Z] [uploadQueue] Retrying task 675c92d5d7913608e3e6bf94f5d9999dd0e11b411ea7a688391a8efcc9662fb1
[debug] [2018-09-23T15:02:07.341Z] [uploadQueue] Retrying task 00a8c3b216735a0ed9a24395c5e92b4e0b7b849251987ae9082fcc756c5914e7
[debug] [2018-09-23T15:02:07.342Z] [uploadQueue] Retrying task 9fc14e7deb0e581739477404f7c30949124e59325875dce4a280890938d48baf
[debug] [2018-09-23T15:02:07.342Z] [uploadQueue] Retrying task 39b4627b2388df4d46b19e6c6f71fd4240d9a2feb1506e9707bc7281428be7fe
[debug] [2018-09-23T15:02:07.342Z] [uploadQueue] Retrying task 35a7e69936c1c371866ceea194bc0da44ec24605a6e6867c7dc7ab9003d607c2
[debug] [2018-09-23T15:02:07.352Z] [uploadQueue] Retrying task 725f2991f65fc98e9358dcf345030eac12c2d66ef1c5cc7d2ac1e74830d9d76c
[debug] [2018-09-23T15:02:07.353Z] [uploadQueue] Retrying task 97253a2cc10f05ed4f75099b02be2d59f9d3213908e570c4efa1661a19ec8a53
[debug] [2018-09-23T15:02:07.353Z] [uploadQueue] Retrying task fa0fcf02061468d4c5ee3fed4e20061dbb4f78fc28f09371461b02789dae65fc
[debug] [2018-09-23T15:02:07.353Z] [uploadQueue] Retrying task 97854b5f284373a5d4e48e401c574c56e0ec56c6cacdc9f43bac67d5791de9ee
[debug] [2018-09-23T15:02:07.355Z] [uploadQueue] Retrying task e9d1f5f5fdd0c1455ba44a3943b159044d56283bc9af9142cf44a650b98ff247
[debug] [2018-09-23T15:02:07.355Z] [uploadQueue] Retrying task d1daa05fd1e9751c294e9a261757a21cd5bad0736414abd406a8b9d973d0d869
[debug] [2018-09-23T15:02:07.355Z] [uploadQueue] Retrying task 7d075055d5469111faa2c55d0e0fe0179e1d0cdb9d84906c91fcba67b08eb761
[debug] [2018-09-23T15:02:07.356Z] [uploadQueue] Retrying task b600293b768ce3355db2185c5241bbaf3268d9fa67ed71c67f4a1831504f094e
[debug] [2018-09-23T15:02:07.356Z] [uploadQueue] Retrying task 4a7556dcec6d61f742fcddc19cff309a663e9e39a68966a1e473579638a99afe
[debug] [2018-09-23T15:02:07.361Z] [uploadQueue] Retrying task 7d00d90b60b9fba9205f9865a10aa3ec0bde3b1064520d7a72e190b807c0fc9e
[debug] [2018-09-23T15:02:07.361Z] [uploadQueue] Retrying task 25a24408d3b00ecb1ee8c98707125d00e71d96700ee6d3e369a978c6fe0ef48e
[debug] [2018-09-23T15:02:07.364Z] [uploadQueue] Retrying task 352447631bad2424d0a5b9d442ad438af8de34a52d87bbc28ee9a880e5c6368e
[debug] [2018-09-23T15:02:08.989Z] [uploadQueue] Retrying task 00a8c3b216735a0ed9a24395c5e92b4e0b7b849251987ae9082fcc756c5914e7
[debug] [2018-09-23T15:02:08.989Z] [uploadQueue] Retrying task 13ca2a5632b3486736aa89d0137a4ea06ccf7df9a4db5b450a6f4e4bcc6a59a3
[debug] [2018-09-23T15:02:08.989Z] [uploadQueue] Retrying task 675c92d5d7913608e3e6bf94f5d9999dd0e11b411ea7a688391a8efcc9662fb1
[debug] [2018-09-23T15:02:08.989Z] [uploadQueue] Retrying task 39b4627b2388df4d46b19e6c6f71fd4240d9a2feb1506e9707bc7281428be7fe
[debug] [2018-09-23T15:02:08.989Z] [uploadQueue] Retrying task 9fc14e7deb0e581739477404f7c30949124e59325875dce4a280890938d48baf
[debug] [2018-09-23T15:02:08.990Z] [uploadQueue] Retrying task 35a7e69936c1c371866ceea194bc0da44ec24605a6e6867c7dc7ab9003d607c2
[debug] [2018-09-23T15:02:08.990Z] [uploadQueue] Retrying task 97854b5f284373a5d4e48e401c574c56e0ec56c6cacdc9f43bac67d5791de9ee
[debug] [2018-09-23T15:02:08.990Z] [uploadQueue] Retrying task 725f2991f65fc98e9358dcf345030eac12c2d66ef1c5cc7d2ac1e74830d9d76c
[debug] [2018-09-23T15:02:08.990Z] [uploadQueue] Retrying task 97253a2cc10f05ed4f75099b02be2d59f9d3213908e570c4efa1661a19ec8a53
[debug] [2018-09-23T15:02:08.990Z] [uploadQueue] Retrying task e9d1f5f5fdd0c1455ba44a3943b159044d56283bc9af9142cf44a650b98ff247
[debug] [2018-09-23T15:02:08.998Z] [uploadQueue] Retrying task fa0fcf02061468d4c5ee3fed4e20061dbb4f78fc28f09371461b02789dae65fc
[debug] [2018-09-23T15:02:08.999Z] [uploadQueue] Retrying task 7d075055d5469111faa2c55d0e0fe0179e1d0cdb9d84906c91fcba67b08eb761
[debug] [2018-09-23T15:02:08.999Z] [uploadQueue] Retrying task d1daa05fd1e9751c294e9a261757a21cd5bad0736414abd406a8b9d973d0d869
[debug] [2018-09-23T15:02:08.999Z] [uploadQueue] Retrying task 4a7556dcec6d61f742fcddc19cff309a663e9e39a68966a1e473579638a99afe
[debug] [2018-09-23T15:02:08.999Z] [uploadQueue] Retrying task b600293b768ce3355db2185c5241bbaf3268d9fa67ed71c67f4a1831504f094e
[debug] [2018-09-23T15:02:08.999Z] [uploadQueue] Retrying task 25a24408d3b00ecb1ee8c98707125d00e71d96700ee6d3e369a978c6fe0ef48e
[debug] [2018-09-23T15:02:08.999Z] [uploadQueue] Retrying task 7d00d90b60b9fba9205f9865a10aa3ec0bde3b1064520d7a72e190b807c0fc9e
[debug] [2018-09-23T15:02:09.006Z] [uploadQueue] Retrying task 352447631bad2424d0a5b9d442ad438af8de34a52d87bbc28ee9a880e5c6368e
[debug] [2018-09-23T15:02:12.236Z] [uploadQueue] Retrying task 13ca2a5632b3486736aa89d0137a4ea06ccf7df9a4db5b450a6f4e4bcc6a59a3
[debug] [2018-09-23T15:02:12.237Z] [uploadQueue] Retrying task 675c92d5d7913608e3e6bf94f5d9999dd0e11b411ea7a688391a8efcc9662fb1
[debug] [2018-09-23T15:02:12.259Z] [uploadQueue] Retrying task 00a8c3b216735a0ed9a24395c5e92b4e0b7b849251987ae9082fcc756c5914e7
[debug] [2018-09-23T15:02:12.262Z] [uploadQueue] Retrying task 39b4627b2388df4d46b19e6c6f71fd4240d9a2feb1506e9707bc7281428be7fe
[debug] [2018-09-23T15:02:12.262Z] [uploadQueue] Retrying task 9fc14e7deb0e581739477404f7c30949124e59325875dce4a280890938d48baf
[debug] [2018-09-23T15:02:12.263Z] [uploadQueue] Retrying task 97854b5f284373a5d4e48e401c574c56e0ec56c6cacdc9f43bac67d5791de9ee
[debug] [2018-09-23T15:02:12.265Z] [uploadQueue] Retrying task 35a7e69936c1c371866ceea194bc0da44ec24605a6e6867c7dc7ab9003d607c2
[debug] [2018-09-23T15:02:12.265Z] [uploadQueue] Retrying task e9d1f5f5fdd0c1455ba44a3943b159044d56283bc9af9142cf44a650b98ff247
[debug] [2018-09-23T15:02:12.265Z] [uploadQueue] Retrying task 97253a2cc10f05ed4f75099b02be2d59f9d3213908e570c4efa1661a19ec8a53
[debug] [2018-09-23T15:02:12.265Z] [uploadQueue] Retrying task fa0fcf02061468d4c5ee3fed4e20061dbb4f78fc28f09371461b02789dae65fc
[debug] [2018-09-23T15:02:12.265Z] [uploadQueue] Retrying task 725f2991f65fc98e9358dcf345030eac12c2d66ef1c5cc7d2ac1e74830d9d76c
[debug] [2018-09-23T15:02:12.265Z] [uploadQueue] Retrying task 4a7556dcec6d61f742fcddc19cff309a663e9e39a68966a1e473579638a99afe
[debug] [2018-09-23T15:02:12.268Z] [uploadQueue] Retrying task 7d075055d5469111faa2c55d0e0fe0179e1d0cdb9d84906c91fcba67b08eb761
[debug] [2018-09-23T15:02:12.268Z] [uploadQueue] Retrying task d1daa05fd1e9751c294e9a261757a21cd5bad0736414abd406a8b9d973d0d869
[debug] [2018-09-23T15:02:12.275Z] [uploadQueue] Retrying task b600293b768ce3355db2185c5241bbaf3268d9fa67ed71c67f4a1831504f094e
[debug] [2018-09-23T15:02:12.275Z] [uploadQueue] Retrying task 25a24408d3b00ecb1ee8c98707125d00e71d96700ee6d3e369a978c6fe0ef48e
[debug] [2018-09-23T15:02:12.275Z] [uploadQueue] Retrying task 7d00d90b60b9fba9205f9865a10aa3ec0bde3b1064520d7a72e190b807c0fc9e
[debug] [2018-09-23T15:02:12.282Z] [uploadQueue] Retrying task 352447631bad2424d0a5b9d442ad438af8de34a52d87bbc28ee9a880e5c6368e
[debug] [2018-09-23T15:02:18.661Z] [uploadQueue] Retrying task 13ca2a5632b3486736aa89d0137a4ea06ccf7df9a4db5b450a6f4e4bcc6a59a3
[debug] [2018-09-23T15:02:18.669Z] [uploadQueue] Retrying task 675c92d5d7913608e3e6bf94f5d9999dd0e11b411ea7a688391a8efcc9662fb1
[debug] [2018-09-23T15:02:18.680Z] [uploadQueue] Retries exhausted for task 13ca2a5632b3486736aa89d0137a4ea06ccf7df9a4db5b450a6f4e4bcc6a59a3 :
[debug] [2018-09-23T15:02:18.681Z] [hosting][upload queue][FINAL]
[debug] [2018-09-23T15:02:18.689Z] [uploadQueue] Retrying task 00a8c3b216735a0ed9a24395c5e92b4e0b7b849251987ae9082fcc756c5914e7
[debug] [2018-09-23T15:02:18.689Z] [uploadQueue] Retries exhausted for task 675c92d5d7913608e3e6bf94f5d9999dd0e11b411ea7a688391a8efcc9662fb1 :
[debug] [2018-09-23T15:02:18.708Z] [uploadQueue] Retrying task 39b4627b2388df4d46b19e6c6f71fd4240d9a2feb1506e9707bc7281428be7fe
[debug] [2018-09-23T15:02:18.711Z] [uploadQueue] Retrying task 9fc14e7deb0e581739477404f7c30949124e59325875dce4a280890938d48baf
[debug] [2018-09-23T15:02:18.711Z] [uploadQueue] Retrying task 97854b5f284373a5d4e48e401c574c56e0ec56c6cacdc9f43bac67d5791de9ee
[debug] [2018-09-23T15:02:18.711Z] [uploadQueue] Retrying task e9d1f5f5fdd0c1455ba44a3943b159044d56283bc9af9142cf44a650b98ff247
[debug] [2018-09-23T15:02:18.719Z] Error: connect ECONNREFUSED 172.217.16.170:443
    at TCPConnectWrap.afterConnect [as oncomplete] (net.js:1173:14)
[error] 
[error] Error: An unexpected error has occurred.
[debug] [2018-09-23T15:02:18.720Z] [uploadQueue] Retries exhausted for task 00a8c3b216735a0ed9a24395c5e92b4e0b7b849251987ae9082fcc756c5914e7 :
[debug] [2018-09-23T15:02:18.720Z] [uploadQueue] Retrying task 35a7e69936c1c371866ceea194bc0da44ec24605a6e6867c7dc7ab9003d607c2
[debug] [2018-09-23T15:02:18.720Z] [uploadQueue] Retrying task 725f2991f65fc98e9358dcf345030eac12c2d66ef1c5cc7d2ac1e74830d9d76c
[debug] [2018-09-23T15:02:18.721Z] [uploadQueue] Retrying task fa0fcf02061468d4c5ee3fed4e20061dbb4f78fc28f09371461b02789dae65fc
[debug] [2018-09-23T15:02:18.721Z] [uploadQueue] Retrying task 4a7556dcec6d61f742fcddc19cff309a663e9e39a68966a1e473579638a99afe
[debug] [2018-09-23T15:02:18.721Z] [uploadQueue] Retrying task 97253a2cc10f05ed4f75099b02be2d59f9d3213908e570c4efa1661a19ec8a53
[debug] [2018-09-23T15:02:18.723Z] [uploadQueue] Retrying task 7d075055d5469111faa2c55d0e0fe0179e1d0cdb9d84906c91fcba67b08eb761
[debug] [2018-09-23T15:02:18.723Z] [uploadQueue] Retrying task d1daa05fd1e9751c294e9a261757a21cd5bad0736414abd406a8b9d973d0d869
[debug] [2018-09-23T15:02:18.724Z] [uploadQueue] Retrying task b600293b768ce3355db2185c5241bbaf3268d9fa67ed71c67f4a1831504f094e
[debug] [2018-09-23T15:02:18.725Z] [uploadQueue] Retrying task 25a24408d3b00ecb1ee8c98707125d00e71d96700ee6d3e369a978c6fe0ef48e
[debug] [2018-09-23T15:02:18.729Z] [uploadQueue] Retrying task 7d00d90b60b9fba9205f9865a10aa3ec0bde3b1064520d7a72e190b807c0fc9e
[debug] [2018-09-23T15:02:18.729Z] [uploadQueue] Retrying task 352447631bad2424d0a5b9d442ad438af8de34a52d87bbc28ee9a880e5c6368e
[debug] [2018-09-23T15:02:18.731Z] [uploadQueue] Retries exhausted for task 39b4627b2388df4d46b19e6c6f71fd4240d9a2feb1506e9707bc7281428be7fe :
[debug] [2018-09-23T15:02:18.732Z] [uploadQueue] Retries exhausted for task e9d1f5f5fdd0c1455ba44a3943b159044d56283bc9af9142cf44a650b98ff247 :
[debug] [2018-09-23T15:02:18.743Z] [uploadQueue] Retries exhausted for task 97854b5f284373a5d4e48e401c574c56e0ec56c6cacdc9f43bac67d5791de9ee :
[debug] [2018-09-23T15:02:18.743Z] [uploadQueue] Retries exhausted for task 9fc14e7deb0e581739477404f7c30949124e59325875dce4a280890938d48baf :
[debug] [2018-09-23T15:02:18.750Z] [uploadQueue] Retries exhausted for task 725f2991f65fc98e9358dcf345030eac12c2d66ef1c5cc7d2ac1e74830d9d76c :
[debug] [2018-09-23T15:02:18.751Z] [uploadQueue] Retries exhausted for task fa0fcf02061468d4c5ee3fed4e20061dbb4f78fc28f09371461b02789dae65fc :
[debug] [2018-09-23T15:02:18.752Z] [uploadQueue] Retries exhausted for task 35a7e69936c1c371866ceea194bc0da44ec24605a6e6867c7dc7ab9003d607c2 :
[debug] [2018-09-23T15:02:18.752Z] [uploadQueue] Retries exhausted for task 4a7556dcec6d61f742fcddc19cff309a663e9e39a68966a1e473579638a99afe :
[debug] [2018-09-23T15:02:18.758Z] [uploadQueue] Retries exhausted for task 97253a2cc10f05ed4f75099b02be2d59f9d3213908e570c4efa1661a19ec8a53 :
[debug] [2018-09-23T15:02:18.760Z] [uploadQueue] Retries exhausted for task 7d075055d5469111faa2c55d0e0fe0179e1d0cdb9d84906c91fcba67b08eb761 :
[debug] [2018-09-23T15:02:18.760Z] [uploadQueue] Retries exhausted for task d1daa05fd1e9751c294e9a261757a21cd5bad0736414abd406a8b9d973d0d869 :
[debug] [2018-09-23T15:02:18.765Z] [uploadQueue] Retries exhausted for task b600293b768ce3355db2185c5241bbaf3268d9fa67ed71c67f4a1831504f094e :
[debug] [2018-09-23T15:02:18.779Z] [uploadQueue] Retries exhausted for task 25a24408d3b00ecb1ee8c98707125d00e71d96700ee6d3e369a978c6fe0ef48e :
[debug] [2018-09-23T15:02:18.780Z] [uploadQueue] Retries exhausted for task 7d00d90b60b9fba9205f9865a10aa3ec0bde3b1064520d7a72e190b807c0fc9e :
[debug] [2018-09-23T15:02:18.785Z] [uploadQueue] Retries exhausted for task 352447631bad2424d0a5b9d442ad438af8de34a52d87bbc28ee9a880e5c6368e :
